<?xml version="1.0" encoding="UTF-8"?>
<testng-results skipped="0" failed="0" ignored="0" total="1" passed="1">
  <reporter-output>
  </reporter-output>
  <suite name="Default suite" duration-ms="11879" started-at="2019-08-29T13:54:13 IST" finished-at="2019-08-29T13:54:25 IST">
    <groups>
    </groups>
    <test name="Default test" duration-ms="11879" started-at="2019-08-29T13:54:13 IST" finished-at="2019-08-29T13:54:25 IST">
      <class name="test.testcase2">
        <test-method status="PASS" signature="testSetUp()[pri:0, instance:test.testcase2@1d4520b]" name="testSetUp" is-config="true" duration-ms="7325" started-at="2019-08-29T13:54:13 IST" finished-at="2019-08-29T13:54:20 IST">
          <reporter-output>
          </reporter-output>
        </test-method> <!-- testSetUp -->
        <test-method status="PASS" signature="verifyGooglePageTittle()[pri:0, instance:test.testcase2@1d4520b]" name="verifyGooglePageTittle" duration-ms="3284" started-at="2019-08-29T13:54:20 IST" finished-at="2019-08-29T13:54:23 IST">
          <reporter-output>
          </reporter-output>
        </test-method> <!-- verifyGooglePageTittle -->
        <test-method status="PASS" signature="tearDown()[pri:0, instance:test.testcase2@1d4520b]" name="tearDown" is-config="true" duration-ms="1204" started-at="2019-08-29T13:54:23 IST" finished-at="2019-08-29T13:54:25 IST">
          <reporter-output>
          </reporter-output>
        </test-method> <!-- tearDown -->
      </class> <!-- test.testcase2 -->
    </test> <!-- Default test -->
  </suite> <!-- Default suite -->
</testng-results>
